<?xml version='1.0' encoding='UTF-8'?>
<testsuite hostname="DESKTOP-26NG0BF" name="simulations.CsvFeederSimulation" tests="1" errors="0" failures="0" skipped="0" time="7196.029" timestamp="2024-12-01T00:36:20">
          <properties>
[...]
</properties>
          <testcase classname="simulations.CsvFeederSimulation" name="" time="7196.029">
                      
                    </testcase>
          <system-out><![CDATA[]]></system-out>
          <system-err><![CDATA[]]></system-err>
        </testsuite>